2013/10/22 04:13:20 [error] [exception.CException] exception 'CException' with message 'Alias "bootstrap.widgets.TbButtonGroup" is invalid. Make sure it points to an existing directory or file.' in /Applications/MAMP/htdocs/ryanandbrittany/framework/YiiBase.php:347
Stack trace:
#0 /Applications/MAMP/htdocs/ryanandbrittany/framework/web/CWidgetFactory.php(146): YiiBase::import('bootstrap.widge...', true)
#1 /Applications/MAMP/htdocs/ryanandbrittany/framework/web/CBaseController.php(146): CWidgetFactory->createWidget(Object(SiteController), 'bootstrap.widge...', Array)
#2 /Applications/MAMP/htdocs/ryanandbrittany/framework/web/CBaseController.php(172): CBaseController->createWidget('bootstrap.widge...', Array)
#3 /Applications/MAMP/htdocs/ryanandbrittany/protected/views/site/index.php(20): CBaseController->widget('bootstrap.widge...', Array)
#4 /Applications/MAMP/htdocs/ryanandbrittany/framework/web/CBaseController.php(126): require('/Applications/M...')
#5 /Applications/MAMP/htdocs/ryanandbrittany/framework/web/CBaseController.php(95): CBaseController->renderInternal('/Applications/M...', NULL, true)
#6 /Applications/MAMP/htdocs/ryanandbrittany/framework/web/CController.php(869): CBaseController->renderFile('/Applications/M...', NULL, true)
#7 /Applications/MAMP/htdocs/ryanandbrittany/framework/web/CController.php(782): CController->renderPartial('index', NULL, true)
#8 /Applications/MAMP/htdocs/ryanandbrittany/protected/controllers/SiteController.php(32): CController->render('index')
#9 /Applications/MAMP/htdocs/ryanandbrittany/framework/web/actions/CInlineAction.php(49): SiteController->actionIndex()
#10 /Applications/MAMP/htdocs/ryanandbrittany/framework/web/CController.php(308): CInlineAction->runWithParams(Array)
#11 /Applications/MAMP/htdocs/ryanandbrittany/framework/web/CController.php(286): CController->runAction(Object(CInlineAction))
#12 /Applications/MAMP/htdocs/ryanandbrittany/framework/web/CController.php(265): CController->runActionWithFilters(Object(CInlineAction), Array)
#13 /Applications/MAMP/htdocs/ryanandbrittany/framework/web/CWebApplication.php(282): CController->run('index')
#14 /Applications/MAMP/htdocs/ryanandbrittany/framework/web/CWebApplication.php(141): CWebApplication->runController('site/index')
#15 /Applications/MAMP/htdocs/ryanandbrittany/framework/base/CApplication.php(180): CWebApplication->processRequest()
#16 /Applications/MAMP/htdocs/ryanandbrittany/index.php(13): CApplication->run()
#17 {main}
REQUEST_URI=/ryanandbrittany/index.php?r=site/index
HTTP_REFERER=http://127.0.0.1:8888/ryanandbrittany/index.php?r=site/page&view=about
---
2013/10/22 04:19:18 [error] [php] Trying to get property of non-object (/Applications/MAMP/htdocs/ryanandbrittany/protected/views/layouts/main.php:14)
Stack trace:
#0 /Applications/MAMP/htdocs/ryanandbrittany/framework/web/widgets/CContentDecorator.php(76): SiteController->renderFile()
#1 /Applications/MAMP/htdocs/ryanandbrittany/framework/web/widgets/CContentDecorator.php(54): CContentDecorator->decorate()
#2 /Applications/MAMP/htdocs/ryanandbrittany/framework/web/widgets/COutputProcessor.php(44): CContentDecorator->processOutput()
#3 /Applications/MAMP/htdocs/ryanandbrittany/framework/web/CBaseController.php(206): CContentDecorator->run()
#4 /Applications/MAMP/htdocs/ryanandbrittany/framework/web/CBaseController.php(300): SiteController->endWidget()
#5 /Applications/MAMP/htdocs/ryanandbrittany/protected/views/layouts/column1.php(6): SiteController->endContent()
#6 /Applications/MAMP/htdocs/ryanandbrittany/framework/web/CBaseController.php(126): require()
#7 /Applications/MAMP/htdocs/ryanandbrittany/framework/web/CBaseController.php(95): SiteController->renderInternal()
#8 /Applications/MAMP/htdocs/ryanandbrittany/framework/web/CController.php(784): SiteController->renderFile()
#9 /Applications/MAMP/htdocs/ryanandbrittany/protected/controllers/SiteController.php(32): SiteController->render()
#10 /Applications/MAMP/htdocs/ryanandbrittany/framework/web/actions/CInlineAction.php(49): SiteController->actionIndex()
#11 /Applications/MAMP/htdocs/ryanandbrittany/framework/web/CController.php(308): CInlineAction->runWithParams()
#12 /Applications/MAMP/htdocs/ryanandbrittany/framework/web/CController.php(286): SiteController->runAction()
#13 /Applications/MAMP/htdocs/ryanandbrittany/framework/web/CController.php(265): SiteController->runActionWithFilters()
#14 /Applications/MAMP/htdocs/ryanandbrittany/framework/web/CWebApplication.php(282): SiteController->run()
#15 /Applications/MAMP/htdocs/ryanandbrittany/framework/web/CWebApplication.php(141): CWebApplication->runController()
#16 /Applications/MAMP/htdocs/ryanandbrittany/framework/base/CApplication.php(180): CWebApplication->processRequest()
#17 /Applications/MAMP/htdocs/ryanandbrittany/index.php(13): CWebApplication->run()
REQUEST_URI=/ryanandbrittany/index.php?r=site/index
in /Applications/MAMP/htdocs/ryanandbrittany/protected/views/layouts/main.php (14)
in /Applications/MAMP/htdocs/ryanandbrittany/protected/views/layouts/column1.php (6)
in /Applications/MAMP/htdocs/ryanandbrittany/protected/controllers/SiteController.php (32)
2013/10/22 04:21:17 [error] [php] Trying to get property of non-object (/Applications/MAMP/htdocs/ryanandbrittany/protected/views/layouts/main.php:14)
Stack trace:
#0 /Applications/MAMP/htdocs/ryanandbrittany/framework/web/widgets/CContentDecorator.php(76): SiteController->renderFile()
#1 /Applications/MAMP/htdocs/ryanandbrittany/framework/web/widgets/CContentDecorator.php(54): CContentDecorator->decorate()
#2 /Applications/MAMP/htdocs/ryanandbrittany/framework/web/widgets/COutputProcessor.php(44): CContentDecorator->processOutput()
#3 /Applications/MAMP/htdocs/ryanandbrittany/framework/web/CBaseController.php(206): CContentDecorator->run()
#4 /Applications/MAMP/htdocs/ryanandbrittany/framework/web/CBaseController.php(300): SiteController->endWidget()
#5 /Applications/MAMP/htdocs/ryanandbrittany/protected/views/layouts/column1.php(6): SiteController->endContent()
#6 /Applications/MAMP/htdocs/ryanandbrittany/framework/web/CBaseController.php(126): require()
#7 /Applications/MAMP/htdocs/ryanandbrittany/framework/web/CBaseController.php(95): SiteController->renderInternal()
#8 /Applications/MAMP/htdocs/ryanandbrittany/framework/web/CController.php(784): SiteController->renderFile()
#9 /Applications/MAMP/htdocs/ryanandbrittany/protected/controllers/SiteController.php(32): SiteController->render()
#10 /Applications/MAMP/htdocs/ryanandbrittany/framework/web/actions/CInlineAction.php(49): SiteController->actionIndex()
#11 /Applications/MAMP/htdocs/ryanandbrittany/framework/web/CController.php(308): CInlineAction->runWithParams()
#12 /Applications/MAMP/htdocs/ryanandbrittany/framework/web/CController.php(286): SiteController->runAction()
#13 /Applications/MAMP/htdocs/ryanandbrittany/framework/web/CController.php(265): SiteController->runActionWithFilters()
#14 /Applications/MAMP/htdocs/ryanandbrittany/framework/web/CWebApplication.php(282): SiteController->run()
#15 /Applications/MAMP/htdocs/ryanandbrittany/framework/web/CWebApplication.php(141): CWebApplication->runController()
#16 /Applications/MAMP/htdocs/ryanandbrittany/framework/base/CApplication.php(180): CWebApplication->processRequest()
#17 /Applications/MAMP/htdocs/ryanandbrittany/index.php(13): CWebApplication->run()
REQUEST_URI=/ryanandbrittany/index.php?r=site/index
in /Applications/MAMP/htdocs/ryanandbrittany/protected/views/layouts/main.php (14)
in /Applications/MAMP/htdocs/ryanandbrittany/protected/views/layouts/column1.php (6)
in /Applications/MAMP/htdocs/ryanandbrittany/protected/controllers/SiteController.php (32)
2013/10/22 04:22:04 [error] [php] Trying to get property of non-object (/Applications/MAMP/htdocs/ryanandbrittany/protected/views/layouts/main.php:14)
Stack trace:
#0 /Applications/MAMP/htdocs/ryanandbrittany/framework/web/widgets/CContentDecorator.php(76): SiteController->renderFile()
#1 /Applications/MAMP/htdocs/ryanandbrittany/framework/web/widgets/CContentDecorator.php(54): CContentDecorator->decorate()
#2 /Applications/MAMP/htdocs/ryanandbrittany/framework/web/widgets/COutputProcessor.php(44): CContentDecorator->processOutput()
#3 /Applications/MAMP/htdocs/ryanandbrittany/framework/web/CBaseController.php(206): CContentDecorator->run()
#4 /Applications/MAMP/htdocs/ryanandbrittany/framework/web/CBaseController.php(300): SiteController->endWidget()
#5 /Applications/MAMP/htdocs/ryanandbrittany/protected/views/layouts/column1.php(6): SiteController->endContent()
#6 /Applications/MAMP/htdocs/ryanandbrittany/framework/web/CBaseController.php(126): require()
#7 /Applications/MAMP/htdocs/ryanandbrittany/framework/web/CBaseController.php(95): SiteController->renderInternal()
#8 /Applications/MAMP/htdocs/ryanandbrittany/framework/web/CController.php(784): SiteController->renderFile()
#9 /Applications/MAMP/htdocs/ryanandbrittany/protected/controllers/SiteController.php(32): SiteController->render()
#10 /Applications/MAMP/htdocs/ryanandbrittany/framework/web/actions/CInlineAction.php(49): SiteController->actionIndex()
#11 /Applications/MAMP/htdocs/ryanandbrittany/framework/web/CController.php(308): CInlineAction->runWithParams()
#12 /Applications/MAMP/htdocs/ryanandbrittany/framework/web/CController.php(286): SiteController->runAction()
#13 /Applications/MAMP/htdocs/ryanandbrittany/framework/web/CController.php(265): SiteController->runActionWithFilters()
#14 /Applications/MAMP/htdocs/ryanandbrittany/framework/web/CWebApplication.php(282): SiteController->run()
#15 /Applications/MAMP/htdocs/ryanandbrittany/framework/web/CWebApplication.php(141): CWebApplication->runController()
#16 /Applications/MAMP/htdocs/ryanandbrittany/framework/base/CApplication.php(180): CWebApplication->processRequest()
#17 /Applications/MAMP/htdocs/ryanandbrittany/index.php(13): CWebApplication->run()
REQUEST_URI=/ryanandbrittany/index.php?r=site/index
in /Applications/MAMP/htdocs/ryanandbrittany/protected/views/layouts/main.php (14)
in /Applications/MAMP/htdocs/ryanandbrittany/protected/views/layouts/column1.php (6)
in /Applications/MAMP/htdocs/ryanandbrittany/protected/controllers/SiteController.php (32)
